Determining if the pthread_create exist failed with the following output:
Change Dir: /home/mjosezam/CLionProjects/TareaExtraclase2/cmake-build-debug/CMakeFiles/CMakeTmp

Run Build Command:"/usr/bin/make" "cmTC_97632/fast"
/usr/bin/make -f CMakeFiles/cmTC_97632.dir/build.make CMakeFiles/cmTC_97632.dir/build
make[1]: Entering directory '/home/mjosezam/CLionProjects/TareaExtraclase2/cmake-build-debug/CMakeFiles/CMakeTmp'
Building C object CMakeFiles/cmTC_97632.dir/CheckSymbolExists.c.o
/usr/bin/cc    -o CMakeFiles/cmTC_97632.dir/CheckSymbolExists.c.o   -c /home/mjosezam/CLionProjects/TareaExtraclase2/cmake-build-debug/CMakeFiles/CMakeTmp/CheckSymbolExists.c
Linking C executable cmTC_97632
/home/mjosezam/clion-2018.3.4/bin/cmake/linux/bin/cmake -E cmake_link_script CMakeFiles/cmTC_97632.dir/link.txt --verbose=1
/usr/bin/cc      CMakeFiles/cmTC_97632.dir/CheckSymbolExists.c.o  -o cmTC_97632 
/usr/bin/ld: CMakeFiles/cmTC_97632.dir/CheckSymbolExists.c.o: in function `main':
CheckSymbolExists.c:(.text+0x1b): undefined reference to `pthread_create'
collect2: error: ld returned 1 exit status
make[1]: *** [CMakeFiles/cmTC_97632.dir/build.make:87: cmTC_97632] Error 1
make[1]: Leaving directory '/home/mjosezam/CLionProjects/TareaExtraclase2/cmake-build-debug/CMakeFiles/CMakeTmp'
make: *** [Makefile:121: cmTC_97632/fast] Error 2

File /home/mjosezam/CLionProjects/TareaExtraclase2/cmake-build-debug/CMakeFiles/CMakeTmp/CheckSymbolExists.c:
/* */
#include <pthread.h>

int main(int argc, char** argv)
{
  (void)argv;
#ifndef pthread_create
  return ((int*)(&pthread_create))[argc];
#else
  (void)argc;
  return 0;
#endif
}

Determining if the function pthread_create exists in the pthreads failed with the following output:
Change Dir: /home/mjosezam/CLionProjects/TareaExtraclase2/cmake-build-debug/CMakeFiles/CMakeTmp

Run Build Command:"/usr/bin/make" "cmTC_b22b9/fast"
/usr/bin/make -f CMakeFiles/cmTC_b22b9.dir/build.make CMakeFiles/cmTC_b22b9.dir/build
make[1]: Entering directory '/home/mjosezam/CLionProjects/TareaExtraclase2/cmake-build-debug/CMakeFiles/CMakeTmp'
Building C object CMakeFiles/cmTC_b22b9.dir/CheckFunctionExists.c.o
/usr/bin/cc   -DCHECK_FUNCTION_EXISTS=pthread_create   -o CMakeFiles/cmTC_b22b9.dir/CheckFunctionExists.c.o   -c /home/mjosezam/clion-2018.3.4/bin/cmake/linux/share/cmake-3.13/Modules/CheckFunctionExists.c
Linking C executable cmTC_b22b9
/home/mjosezam/clion-2018.3.4/bin/cmake/linux/bin/cmake -E cmake_link_script CMakeFiles/cmTC_b22b9.dir/link.txt --verbose=1
/usr/bin/cc  -DCHECK_FUNCTION_EXISTS=pthread_create    CMakeFiles/cmTC_b22b9.dir/CheckFunctionExists.c.o  -o cmTC_b22b9 -lpthreads 
/usr/bin/ld: cannot find -lpthreads
collect2: error: ld returned 1 exit status
make[1]: *** [CMakeFiles/cmTC_b22b9.dir/build.make:87: cmTC_b22b9] Error 1
make[1]: Leaving directory '/home/mjosezam/CLionProjects/TareaExtraclase2/cmake-build-debug/CMakeFiles/CMakeTmp'
make: *** [Makefile:121: cmTC_b22b9/fast] Error 2


